./sdriver.pl -t trace01.txt -s ./tsh -a "-p"
#
# trace01.txt - Properly terminate on EOF.
#
./sdriver.pl -t trace02.txt -s ./tsh -a "-p"
#
# trace02.txt - Process builtin quit command.
#
./sdriver.pl -t trace03.txt -s ./tsh -a "-p"
#
# trace03.txt - Run a foreground job.
#
tsh> quit
./sdriver.pl -t trace04.txt -s ./tsh -a "-p"
#
# trace04.txt - Run a background job.
#
tsh> ./myspin 1 &
[1] (3814) ./myspin 1 &
./sdriver.pl -t trace05.txt -s ./tsh -a "-p"
#
# trace05.txt - Process jobs builtin command.
#
tsh> ./myspin 2 &
[1] (3833) ./myspin 2 &
tsh> ./myspin 3 &
[2] (3835) ./myspin 3 &
tsh> jobs
[1] (3833) Running ./myspin 2 &
[2] (3835) Running ./myspin 3 &
./sdriver.pl -t trace06.txt -s ./tsh -a "-p"
#
# trace06.txt - Forward SIGINT to foreground job.
#
tsh> ./myspin 4
Job [1] (3856) terminated by signal 2
./sdriver.pl -t trace07.txt -s ./tsh -a "-p"
#
# trace07.txt - Forward SIGINT only to foreground job.
#
tsh> ./myspin 4 &
[1] (3890) ./myspin 4 &
tsh> ./myspin 5
Job [2] (3892) terminated by signal 2
tsh> jobs
[1] (3890) Running ./myspin 4 &
./sdriver.pl -t trace08.txt -s ./tsh -a "-p"
#
# trace08.txt - Forward SIGTSTP only to foreground job.
#
tsh> ./myspin 4 &
[1] (3910) ./myspin 4 &
tsh> ./myspin 5
Job [2] (3912) stopped by signal 20
tsh> jobs
[1] (3910) Running ./myspin 4 &
[2] (3912) Stopped ./myspin 5 
./sdriver.pl -t trace09.txt -s ./tsh -a "-p"
#
# trace09.txt - Process bg builtin command
#
tsh> ./myspin 4 &
[1] (3932) ./myspin 4 &
tsh> ./myspin 5
Job [2] (3934) stopped by signal 20
tsh> jobs
[1] (3932) Running ./myspin 4 &
[2] (3934) Stopped ./myspin 5 
tsh> bg %2
[2] (3934) ./myspin 5 
tsh> jobs
[1] (3932) Running ./myspin 4 &
[2] (3934) Running ./myspin 5 
./sdriver.pl -t trace10.txt -s ./tsh -a "-p"
#
# trace10.txt - Process fg builtin command. 
#
tsh> ./myspin 4 &
[1] (3975) ./myspin 4 &
tsh> fg %1
Job [1] (3975) stopped by signal 20
tsh> jobs
[1] (3975) Stopped ./myspin 4 &
tsh> fg %1
tsh> jobs
./sdriver.pl -t trace11.txt -s ./tsh -a "-p"
#
# trace11.txt - Forward SIGINT to every process in foreground process group
#
tsh> ./mysplit 4
Job [1] (4013) terminated by signal 2
tsh> /bin/ps a
    PID TTY      STAT   TIME COMMAND
   1418 tty1     Ssl+   0:00 /usr/libexec/gdm-wayland-session dbus-run-session -- gnome-session --autostart /usr/share/gdm/greeter/autostart
   1444 tty1     S+     0:00 dbus-run-session -- gnome-session --autostart /usr/share/gdm/greeter/autostart
   1445 tty1     S+     0:00 dbus-daemon --nofork --print-address 4 --session
   1448 tty1     Sl+    0:00 /usr/libexec/gnome-session-binary --autostart /usr/share/gdm/greeter/autostart
   1489 tty1     Sl+    0:10 /usr/bin/gnome-shell
   1542 tty1     Sl+    0:00 /usr/libexec/at-spi-bus-launcher
   1548 tty1     S+     0:00 /usr/bin/dbus-daemon --config-file=/usr/share/defaults/at-spi2/accessibility.conf --nofork --print-address 11 --address=unix:path=/run/user/120/at-spi/bus
   1552 tty1     S+     0:00 /usr/bin/Xwayland :1024 -rootless -noreset -accessx -core -auth /run/user/120/.mutter-Xwaylandauth.DVJ662 -listenfd 4 -listenfd 5 -displayfd 6 -initfd 7 -byteswappedclients
   1614 tty1     Sl+    0:00 /usr/libexec/at-spi2-registryd --use-gnome-session
   1754 tty1     Sl+    0:00 /usr/libexec/xdg-permission-store
   1776 tty1     Sl+    0:00 /usr/bin/gjs -m /usr/share/gnome-shell/org.gnome.Shell.Notifications
   1788 tty1     Sl+    0:00 /usr/libexec/gsd-sharing
   1789 tty1     Sl+    0:00 /usr/libexec/gsd-wacom
   1797 tty1     Sl+    0:00 /usr/libexec/gsd-color
   1802 tty1     Sl+    0:00 /usr/libexec/gsd-keyboard
   1811 tty1     Sl+    0:00 /usr/libexec/gsd-print-notifications
   1812 tty1     Sl+    0:00 /usr/libexec/gsd-rfkill
   1828 tty1     Sl+    0:00 /usr/libexec/gsd-smartcard
   1831 tty1     Sl+    0:00 /usr/libexec/gsd-datetime
   1833 tty1     Sl+    0:00 /usr/libexec/gsd-media-keys
   1841 tty1     Sl+    0:00 /usr/libexec/gsd-screensaver-proxy
   1850 tty1     Sl+    0:00 /usr/libexec/gsd-sound
   1857 tty1     Sl+    0:00 /usr/libexec/gsd-a11y-settings
   1864 tty1     Sl+    0:00 /usr/libexec/gsd-housekeeping
   1880 tty1     Sl+    0:00 /usr/libexec/gsd-power
   1998 tty1     Sl+    0:00 /usr/libexec/mutter-x11-frames
   2001 tty1     Sl     0:00 ibus-daemon --panel disable -r --xim
   2019 tty1     Sl+    0:00 /usr/libexec/gsd-printer
   2022 tty1     Sl     0:00 /usr/libexec/ibus-dconf
   2024 tty1     Sl     0:00 /usr/libexec/ibus-x11 --kill-daemon
   2026 tty1     Sl+    0:00 /usr/libexec/ibus-portal
   2114 tty1     Sl     0:00 /usr/libexec/ibus-engine-simple
   2169 tty1     Sl+    0:00 /usr/bin/gjs -m /usr/share/gnome-shell/org.gnome.ScreenSaver
   2857 pts/1    Ss     0:00 /bin/bash --init-file /home/cs/.vscode-server/cli/servers/Stable-848b80aeb52026648a8ff9f7c45a9b0a80641e2e/server/out/vs/workbench/contrib/terminal/common/scripts/shellIntegration-bash.sh
   3799 pts/1    S+     0:00 /bin/bash ./tsh_output.sh
   4010 pts/1    S+     0:00 /usr/bin/perl ./sdriver.pl -t trace11.txt -s ./tsh -a -p
   4011 pts/1    S+     0:00 ./tsh -p
   4034 pts/1    R      0:00 /bin/ps a
./sdriver.pl -t trace12.txt -s ./tsh -a "-p"
#
# trace12.txt - Forward SIGTSTP to every process in foreground process group
#
tsh> ./mysplit 4
Job [1] (4046) stopped by signal 20
tsh> jobs
[1] (4046) Stopped ./mysplit 4 
tsh> /bin/ps a
    PID TTY      STAT   TIME COMMAND
   1418 tty1     Ssl+   0:00 /usr/libexec/gdm-wayland-session dbus-run-session -- gnome-session --autostart /usr/share/gdm/greeter/autostart
   1444 tty1     S+     0:00 dbus-run-session -- gnome-session --autostart /usr/share/gdm/greeter/autostart
   1445 tty1     S+     0:00 dbus-daemon --nofork --print-address 4 --session
   1448 tty1     Sl+    0:00 /usr/libexec/gnome-session-binary --autostart /usr/share/gdm/greeter/autostart
   1489 tty1     Sl+    0:10 /usr/bin/gnome-shell
   1542 tty1     Sl+    0:00 /usr/libexec/at-spi-bus-launcher
   1548 tty1     S+     0:00 /usr/bin/dbus-daemon --config-file=/usr/share/defaults/at-spi2/accessibility.conf --nofork --print-address 11 --address=unix:path=/run/user/120/at-spi/bus
   1552 tty1     S+     0:00 /usr/bin/Xwayland :1024 -rootless -noreset -accessx -core -auth /run/user/120/.mutter-Xwaylandauth.DVJ662 -listenfd 4 -listenfd 5 -displayfd 6 -initfd 7 -byteswappedclients
   1614 tty1     Sl+    0:00 /usr/libexec/at-spi2-registryd --use-gnome-session
   1754 tty1     Sl+    0:00 /usr/libexec/xdg-permission-store
   1776 tty1     Sl+    0:00 /usr/bin/gjs -m /usr/share/gnome-shell/org.gnome.Shell.Notifications
   1788 tty1     Sl+    0:00 /usr/libexec/gsd-sharing
   1789 tty1     Sl+    0:00 /usr/libexec/gsd-wacom
   1797 tty1     Sl+    0:00 /usr/libexec/gsd-color
   1802 tty1     Sl+    0:00 /usr/libexec/gsd-keyboard
   1811 tty1     Sl+    0:00 /usr/libexec/gsd-print-notifications
   1812 tty1     Sl+    0:00 /usr/libexec/gsd-rfkill
   1828 tty1     Sl+    0:00 /usr/libexec/gsd-smartcard
   1831 tty1     Sl+    0:00 /usr/libexec/gsd-datetime
   1833 tty1     Sl+    0:00 /usr/libexec/gsd-media-keys
   1841 tty1     Sl+    0:00 /usr/libexec/gsd-screensaver-proxy
   1850 tty1     Sl+    0:00 /usr/libexec/gsd-sound
   1857 tty1     Sl+    0:00 /usr/libexec/gsd-a11y-settings
   1864 tty1     Sl+    0:00 /usr/libexec/gsd-housekeeping
   1880 tty1     Sl+    0:00 /usr/libexec/gsd-power
   1998 tty1     Sl+    0:00 /usr/libexec/mutter-x11-frames
   2001 tty1     Sl     0:00 ibus-daemon --panel disable -r --xim
   2019 tty1     Sl+    0:00 /usr/libexec/gsd-printer
   2022 tty1     Sl     0:00 /usr/libexec/ibus-dconf
   2024 tty1     Sl     0:00 /usr/libexec/ibus-x11 --kill-daemon
   2026 tty1     Sl+    0:00 /usr/libexec/ibus-portal
   2114 tty1     Sl     0:00 /usr/libexec/ibus-engine-simple
   2169 tty1     Sl+    0:00 /usr/bin/gjs -m /usr/share/gnome-shell/org.gnome.ScreenSaver
   2857 pts/1    Ss     0:00 /bin/bash --init-file /home/cs/.vscode-server/cli/servers/Stable-848b80aeb52026648a8ff9f7c45a9b0a80641e2e/server/out/vs/workbench/contrib/terminal/common/scripts/shellIntegration-bash.sh
   3799 pts/1    S+     0:00 /bin/bash ./tsh_output.sh
   4043 pts/1    S+     0:00 /usr/bin/perl ./sdriver.pl -t trace12.txt -s ./tsh -a -p
   4044 pts/1    S+     0:00 ./tsh -p
   4046 pts/1    T      0:00 ./mysplit 4
   4047 pts/1    T      0:00 ./mysplit 4
   4055 pts/1    R      0:00 /bin/ps a
./sdriver.pl -t trace13.txt -s ./tsh -a "-p"
#
# trace13.txt - Restart every stopped process in process group
#
tsh> ./mysplit 4
Job [1] (4060) stopped by signal 20
tsh> jobs
[1] (4060) Stopped ./mysplit 4 
tsh> /bin/ps a
    PID TTY      STAT   TIME COMMAND
   1418 tty1     Ssl+   0:00 /usr/libexec/gdm-wayland-session dbus-run-session -- gnome-session --autostart /usr/share/gdm/greeter/autostart
   1444 tty1     S+     0:00 dbus-run-session -- gnome-session --autostart /usr/share/gdm/greeter/autostart
   1445 tty1     S+     0:00 dbus-daemon --nofork --print-address 4 --session
   1448 tty1     Sl+    0:00 /usr/libexec/gnome-session-binary --autostart /usr/share/gdm/greeter/autostart
   1489 tty1     Sl+    0:10 /usr/bin/gnome-shell
   1542 tty1     Sl+    0:00 /usr/libexec/at-spi-bus-launcher
   1548 tty1     S+     0:00 /usr/bin/dbus-daemon --config-file=/usr/share/defaults/at-spi2/accessibility.conf --nofork --print-address 11 --address=unix:path=/run/user/120/at-spi/bus
   1552 tty1     S+     0:00 /usr/bin/Xwayland :1024 -rootless -noreset -accessx -core -auth /run/user/120/.mutter-Xwaylandauth.DVJ662 -listenfd 4 -listenfd 5 -displayfd 6 -initfd 7 -byteswappedclients
   1614 tty1     Sl+    0:00 /usr/libexec/at-spi2-registryd --use-gnome-session
   1754 tty1     Sl+    0:00 /usr/libexec/xdg-permission-store
   1776 tty1     Sl+    0:00 /usr/bin/gjs -m /usr/share/gnome-shell/org.gnome.Shell.Notifications
   1788 tty1     Sl+    0:00 /usr/libexec/gsd-sharing
   1789 tty1     Sl+    0:00 /usr/libexec/gsd-wacom
   1797 tty1     Sl+    0:00 /usr/libexec/gsd-color
   1802 tty1     Sl+    0:00 /usr/libexec/gsd-keyboard
   1811 tty1     Sl+    0:00 /usr/libexec/gsd-print-notifications
   1812 tty1     Sl+    0:00 /usr/libexec/gsd-rfkill
   1828 tty1     Sl+    0:00 /usr/libexec/gsd-smartcard
   1831 tty1     Sl+    0:00 /usr/libexec/gsd-datetime
   1833 tty1     Sl+    0:00 /usr/libexec/gsd-media-keys
   1841 tty1     Sl+    0:00 /usr/libexec/gsd-screensaver-proxy
   1850 tty1     Sl+    0:00 /usr/libexec/gsd-sound
   1857 tty1     Sl+    0:00 /usr/libexec/gsd-a11y-settings
   1864 tty1     Sl+    0:00 /usr/libexec/gsd-housekeeping
   1880 tty1     Sl+    0:00 /usr/libexec/gsd-power
   1998 tty1     Sl+    0:00 /usr/libexec/mutter-x11-frames
   2001 tty1     Sl     0:00 ibus-daemon --panel disable -r --xim
   2019 tty1     Sl+    0:00 /usr/libexec/gsd-printer
   2022 tty1     Sl     0:00 /usr/libexec/ibus-dconf
   2024 tty1     Sl     0:00 /usr/libexec/ibus-x11 --kill-daemon
   2026 tty1     Sl+    0:00 /usr/libexec/ibus-portal
   2114 tty1     Sl     0:00 /usr/libexec/ibus-engine-simple
   2169 tty1     Sl+    0:00 /usr/bin/gjs -m /usr/share/gnome-shell/org.gnome.ScreenSaver
   2857 pts/1    Ss     0:00 /bin/bash --init-file /home/cs/.vscode-server/cli/servers/Stable-848b80aeb52026648a8ff9f7c45a9b0a80641e2e/server/out/vs/workbench/contrib/terminal/common/scripts/shellIntegration-bash.sh
   3799 pts/1    S+     0:00 /bin/bash ./tsh_output.sh
   4057 pts/1    S+     0:00 /usr/bin/perl ./sdriver.pl -t trace13.txt -s ./tsh -a -p
   4058 pts/1    S+     0:00 ./tsh -p
   4060 pts/1    T      0:00 ./mysplit 4
   4061 pts/1    T      0:00 ./mysplit 4
   4078 pts/1    R      0:00 /bin/ps a
tsh> fg %1
tsh> /bin/ps a
    PID TTY      STAT   TIME COMMAND
   1418 tty1     Ssl+   0:00 /usr/libexec/gdm-wayland-session dbus-run-session -- gnome-session --autostart /usr/share/gdm/greeter/autostart
   1444 tty1     S+     0:00 dbus-run-session -- gnome-session --autostart /usr/share/gdm/greeter/autostart
   1445 tty1     S+     0:00 dbus-daemon --nofork --print-address 4 --session
   1448 tty1     Sl+    0:00 /usr/libexec/gnome-session-binary --autostart /usr/share/gdm/greeter/autostart
   1489 tty1     Sl+    0:10 /usr/bin/gnome-shell
   1542 tty1     Sl+    0:00 /usr/libexec/at-spi-bus-launcher
   1548 tty1     S+     0:00 /usr/bin/dbus-daemon --config-file=/usr/share/defaults/at-spi2/accessibility.conf --nofork --print-address 11 --address=unix:path=/run/user/120/at-spi/bus
   1552 tty1     S+     0:00 /usr/bin/Xwayland :1024 -rootless -noreset -accessx -core -auth /run/user/120/.mutter-Xwaylandauth.DVJ662 -listenfd 4 -listenfd 5 -displayfd 6 -initfd 7 -byteswappedclients
   1614 tty1     Sl+    0:00 /usr/libexec/at-spi2-registryd --use-gnome-session
   1754 tty1     Sl+    0:00 /usr/libexec/xdg-permission-store
   1776 tty1     Sl+    0:00 /usr/bin/gjs -m /usr/share/gnome-shell/org.gnome.Shell.Notifications
   1788 tty1     Sl+    0:00 /usr/libexec/gsd-sharing
   1789 tty1     Sl+    0:00 /usr/libexec/gsd-wacom
   1797 tty1     Sl+    0:00 /usr/libexec/gsd-color
   1802 tty1     Sl+    0:00 /usr/libexec/gsd-keyboard
   1811 tty1     Sl+    0:00 /usr/libexec/gsd-print-notifications
   1812 tty1     Sl+    0:00 /usr/libexec/gsd-rfkill
   1828 tty1     Sl+    0:00 /usr/libexec/gsd-smartcard
   1831 tty1     Sl+    0:00 /usr/libexec/gsd-datetime
   1833 tty1     Sl+    0:00 /usr/libexec/gsd-media-keys
   1841 tty1     Sl+    0:00 /usr/libexec/gsd-screensaver-proxy
   1850 tty1     Sl+    0:00 /usr/libexec/gsd-sound
   1857 tty1     Sl+    0:00 /usr/libexec/gsd-a11y-settings
   1864 tty1     Sl+    0:00 /usr/libexec/gsd-housekeeping
   1880 tty1     Sl+    0:00 /usr/libexec/gsd-power
   1998 tty1     Sl+    0:00 /usr/libexec/mutter-x11-frames
   2001 tty1     Sl     0:00 ibus-daemon --panel disable -r --xim
   2019 tty1     Sl+    0:00 /usr/libexec/gsd-printer
   2022 tty1     Sl     0:00 /usr/libexec/ibus-dconf
   2024 tty1     Sl     0:00 /usr/libexec/ibus-x11 --kill-daemon
   2026 tty1     Sl+    0:00 /usr/libexec/ibus-portal
   2114 tty1     Sl     0:00 /usr/libexec/ibus-engine-simple
   2169 tty1     Sl+    0:00 /usr/bin/gjs -m /usr/share/gnome-shell/org.gnome.ScreenSaver
   2857 pts/1    Ss     0:00 /bin/bash --init-file /home/cs/.vscode-server/cli/servers/Stable-848b80aeb52026648a8ff9f7c45a9b0a80641e2e/server/out/vs/workbench/contrib/terminal/common/scripts/shellIntegration-bash.sh
   3799 pts/1    S+     0:00 /bin/bash ./tsh_output.sh
   4057 pts/1    S+     0:00 /usr/bin/perl ./sdriver.pl -t trace13.txt -s ./tsh -a -p
   4058 pts/1    S+     0:00 ./tsh -p
   4099 pts/1    R      0:00 /bin/ps a
./sdriver.pl -t trace14.txt -s ./tsh -a "-p"
#
# trace14.txt - Simple error handling
#
tsh> ./bogus
./bogus: Command not found
tsh> ./myspin 4 &
[1] (4106) ./myspin 4 &
tsh> fg
fg command requires PID or %jobid argument
tsh> bg
bg command requires PID or %jobid argument
tsh> fg a
fg: argument must be a PID or %jobid
tsh> bg a
bg: argument must be a PID or %jobid
tsh> fg 9999999
(9999999): No such process
tsh> bg 9999999
(9999999): No such process
tsh> fg %2
%2: No such job
tsh> fg %1
Job [1] (4106) stopped by signal 20
tsh> bg %2
%2: No such job
tsh> bg %1
[1] (4106) ./myspin 4 &
tsh> jobs
[1] (4106) Running ./myspin 4 &
./sdriver.pl -t trace15.txt -s ./tsh -a "-p"
#
# trace15.txt - Putting it all together
#
tsh> ./bogus
./bogus: Command not found
tsh> ./myspin 10
Job [1] (4145) terminated by signal 2
tsh> ./myspin 3 &
[1] (4152) ./myspin 3 &
tsh> ./myspin 4 &
[2] (4154) ./myspin 4 &
tsh> jobs
[1] (4152) Running ./myspin 3 &
[2] (4154) Running ./myspin 4 &
tsh> fg %1
Job [1] (4152) stopped by signal 20
tsh> jobs
[1] (4152) Stopped ./myspin 3 &
[2] (4154) Running ./myspin 4 &
tsh> bg %3
%3: No such job
tsh> bg %1
[1] (4152) ./myspin 3 &
tsh> jobs
[1] (4152) Running ./myspin 3 &
[2] (4154) Running ./myspin 4 &
tsh> fg %1
tsh> quit
./sdriver.pl -t trace16.txt -s ./tsh -a "-p"
#
# trace16.txt - Tests whether the shell can handle SIGTSTP and SIGINT
#     signals that come from other processes instead of the terminal.
#
tsh> ./mystop 2
Job [1] (4199) stopped by signal 20
tsh> jobs
[1] (4199) Stopped ./mystop 2
tsh> ./myint 2
Job [2] (4215) terminated by signal 2
